Base path: C:/Program Files (x86)/Unity/Editor/Data
Pipe name: \\.\pipe\UnityShaderCompiler-5-4864
Cmd: getPlatforms
Cmd: compileSnippet
  api=9 type=0 insize=2154 outsize=11324 kw= ok=1
Cmd: compileSnippet
  api=9 type=1 insize=1852 outsize=7 kw= ok=1
Cmd: compileSnippet
  api=9 type=0 insize=942 outsize=631 kw= ok=1
Cmd: compileSnippet
  api=9 type=1 insize=1051 outsize=7 kw= ok=1
Cmd: compileSnippet
  api=4 type=0 insize=1770 outsize=1697 kw= ok=1
Cmd: compileSnippet
  api=8 type=1 insize=1770 outsize=2040 kw= ok=1
Cmd: compileSnippet
  api=4 type=1 insize=1381 outsize=1737 kw= ok=1
Cmd: compileSnippet
  api=8 type=0 insize=2154 outsize=2958 kw= ok=1
Cmd: compileSnippet
  api=8 type=1 insize=2154 outsize=2584 kw= ok=1
Cmd: compileSnippet
  api=4 type=0 insize=1788 outsize=1697 kw= ok=1
Cmd: compileSnippet
  api=8 type=1 insize=2219 outsize=2584 kw= ok=1
Cmd: compileSnippet
  api=4 type=0 insize=2137 outsize=2078 kw= ok=1
Cmd: compileSnippet
  api=8 type=0 insize=1329 outsize=1950 kw= ok=1
Cmd: compileSnippet
  api=4 type=1 insize=1252 outsize=1168 kw= ok=1
Cmd: compileSnippet
  api=4 type=1 insize=1917 outsize=1916 kw= ok=1
